<?xml version="1.0" encoding="UTF-8"?>
<!-- Generated by org.testng.reporters.JUnitReportReporter -->
<testsuite hostname="DESKTOP-S1B90LE" failures="0" tests="1"
	name="com.naveenautomationlabs.PageTests.AccountloginPageTest"
	time="4.273" errors="0" timestamp="2024-06-23T04:43:54 GMT-06:00"
	skipped="0">
	<testcase
		classname="com.naveenautomationlabs.PageTests.AccountloginPageTest"
		name="validateLogin" time="4.273" />
	<system-out />
</testsuite> <!-- com.naveenautomationlabs.PageTests.AccountloginPageTest -->
