<?xml version="1.0" encoding="UTF-8"?>
<!-- Generated by org.testng.reporters.JUnitReportReporter -->
<testsuite hostname="DESKTOP-S1B90LE" failures="0" tests="1"
	name="com.naveenautomationlabs.PageTests.NewsletterSubscriptionPageTest"
	time="5.268" errors="0" timestamp="2024-06-21T13:02:13 GMT-06:00"
	skipped="0">
	<testcase
		classname="com.naveenautomationlabs.PageTests.NewsletterSubscriptionPageTest"
		name="validateSubscribingNewsletter" time="5.268" />
	<system-out />
</testsuite> <!-- com.naveenautomationlabs.PageTests.NewsletterSubscriptionPageTest -->
