<?xml version="1.0" encoding="UTF-8"?>
<!-- Generated by org.testng.reporters.JUnitReportReporter -->
<testsuite hostname="DESKTOP-S1B90LE" failures="0" tests="2"
	name="com.naveenautomationlabs.PageTests.MonitorsPageTest"
	time="10.921" errors="0" timestamp="2024-06-25T16:35:45 GMT-06:00"
	skipped="0">
	<testcase
		classname="com.naveenautomationlabs.PageTests.MonitorsPageTest"
		name="validateAddItem1ToWishlist" time="5.046" />
	<system-out />
	<testcase
		classname="com.naveenautomationlabs.PageTests.MonitorsPageTest"
		name="validateAddItem2ToWishlist" time="5.875" />
	<system-out />
</testsuite> <!-- com.naveenautomationlabs.PageTests.MonitorsPageTest -->
