<?xml version="1.0" encoding="UTF-8"?>
<!-- Generated by org.testng.reporters.JUnitReportReporter -->
<testsuite hostname="DESKTOP-S1B90LE" failures="0" tests="1"
	name="com.naveenautomationlabs.PageTests.MyWishListPageTest"
	time="5.059" errors="0" timestamp="2024-06-25T16:35:45 GMT-06:00"
	skipped="0">
	<testcase
		classname="com.naveenautomationlabs.PageTests.MyWishListPageTest"
		name="validateRemoveItem1FromWishlist" time="5.059" />
	<system-out />
</testsuite> <!-- com.naveenautomationlabs.PageTests.MyWishListPageTest -->
